[debug] [2026-02-03T09:38:30.668Z] ----------------------------------------------------------------------
[debug] [2026-02-03T09:38:30.672Z] Command:       /usr/bin/node /home/izicripto/.npm-global/bin/firebase projects:list
[debug] [2026-02-03T09:38:30.673Z] CLI Version:   15.5.1
[debug] [2026-02-03T09:38:30.673Z] Platform:      linux
[debug] [2026-02-03T09:38:30.674Z] Node Version:  v22.22.0
[debug] [2026-02-03T09:38:30.674Z] Time:          Tue Feb 03 2026 09:38:30 GMT+0000 (Coordinated Universal Time)
[debug] [2026-02-03T09:38:30.675Z] ----------------------------------------------------------------------
[debug] 
[debug] [2026-02-03T09:38:30.679Z] >>> [apiv2][query] GET https://firebase-public.firebaseio.com/cli.json [none]
[debug] [2026-02-03T09:38:31.493Z] > command requires scopes: ["email","openid","https://www.googleapis.com/auth/cloudplatformprojects.readonly","https://www.googleapis.com/auth/firebase","https://www.googleapis.com/auth/cloud-platform"]
[debug] [2026-02-03T09:38:31.518Z] Running auto auth
[debug] [2026-02-03T09:38:31.530Z] No OAuth tokens found
[debug] [2026-02-03T09:38:31.531Z] >>> [apiv2][query] GET https://firebase.googleapis.com/v1beta1/projects pageSize=1000
[debug] [2026-02-03T09:38:31.540Z] <<< [apiv2][status] GET https://firebase-public.firebaseio.com/cli.json 200
[debug] [2026-02-03T09:38:31.540Z] <<< [apiv2][body] GET https://firebase-public.firebaseio.com/cli.json {"cloudBuildErrorAfter":1594252800000,"cloudBuildWarnAfter":1590019200000,"defaultNode10After":1594252800000,"minVersion":"3.0.5","node8DeploysDisabledAfter":1613390400000,"node8RuntimeDisabledAfter":1615809600000,"node8WarnAfter":1600128000000}
[debug] [2026-02-03T09:38:31.668Z] <<< [apiv2][status] GET https://firebase.googleapis.com/v1beta1/projects 403
[debug] [2026-02-03T09:38:31.669Z] <<< [apiv2][body] GET https://firebase.googleapis.com/v1beta1/projects [omitted]
[debug] [2026-02-03T09:38:31.669Z] Request to https://firebase.googleapis.com/v1beta1/projects?pageSize=1000 had HTTP Error: 403, Request had insufficient authentication scopes.
[debug] [2026-02-03T09:38:31.672Z] FirebaseError: Request to https://firebase.googleapis.com/v1beta1/projects?pageSize=1000 had HTTP Error: 403, Request had insufficient authentication scopes.
    at responseToError (/home/izicripto/.npm-global/lib/node_modules/firebase-tools/lib/responseToError.js:53:12)
    at RetryOperation._fn (/home/izicripto/.npm-global/lib/node_modules/firebase-tools/lib/apiv2.js:330:77)
    at process.processTicksAndRejections (node:internal/process/task_queues:105:5)
[error] 
[error] Error: Failed to list Firebase projects. See firebase-debug.log for more info.
